<?xml version="1.0" encoding="UTF-8"?>
<!-- Generated by org.testng.reporters.JUnitXMLReporter -->
<testsuite ignored="0" hostname="LAPTOP-4TVV0GHV" failures="0" tests="5" name="Test2" time="49.028" errors="0" timestamp="2024-01-11T15:10:08 IST">
  <testcase classname="executePageClasses.LoginPageTestClass" name="verifyCorrectPageIsLoadedWhileHittingTheUrl" time="0.022"/>
  <testcase classname="executePageClasses.LoginPageTestClass" name="verifySuccessfullLogin" time="3.163"/>
  <testcase classname="executePageClasses.LoginPageTestClass" name="verifyUnsuccessfullLogin" time="1.573"/>
  <testcase classname="executePageClasses.LoginPageTestClass" name="verifyUnsuccessfullLogin" time="1.628"/>
  <testcase classname="executePageClasses.LoginPageTestClass" name="verifyUnsuccessfullLogin" time="1.476"/>
</testsuite> <!-- Test2 -->
