<?xml version="1.0" encoding="UTF-8"?>
<!-- Generated by org.testng.reporters.JUnitXMLReporter -->
<testsuite ignored="0" hostname="LAPTOP-4TVV0GHV" failures="0" tests="2" name="Test1" time="22.991" errors="0" timestamp="2024-01-11T15:09:42 IST">
  <testcase classname="executePageClasses.HomePageTestClass" name="verifyAllTilesAreDisplayedInHomePage" time="2.82"/>
  <testcase classname="executePageClasses.HomePageTestClass" name="verifyUserCanLogoutSuccessfully" time="3.597"/>
</testsuite> <!-- Test1 -->
