<?xml version="1.0" encoding="UTF-8"?>
<testng-results ignored="0" total="7" passed="7" failed="0" skipped="0">
  <reporter-output>
  </reporter-output>
  <suite started-at="2024-01-11T15:09:19 IST" name="Suite" finished-at="2024-01-11T15:10:08 IST" duration-ms="49028">
    <groups>
      <group name="group3">
        <method signature="LoginPageTestClass.verifyUnsuccessfullLogin(java.lang.String,java.lang.String)[pri:3, instance:executePageClasses.LoginPageTestClass@7f0eb4b4]" name="verifyUnsuccessfullLogin" class="executePageClasses.LoginPageTestClass"/>
      </group> <!-- group3 -->
      <group name="group2">
        <method signature="HomePageTestClass.verifyUserCanLogoutSuccessfully(java.lang.String,java.lang.String)[pri:0, instance:executePageClasses.HomePageTestClass@32eff876]" name="verifyUserCanLogoutSuccessfully" class="executePageClasses.HomePageTestClass"/>
        <method signature="LoginPageTestClass.verifySuccessfullLogin(java.lang.String,java.lang.String)[pri:2, instance:executePageClasses.LoginPageTestClass@7f0eb4b4]" name="verifySuccessfullLogin" class="executePageClasses.LoginPageTestClass"/>
      </group> <!-- group2 -->
      <group name="group1">
        <method signature="HomePageTestClass.verifyAllTilesAreDisplayedInHomePage(java.lang.String,java.lang.String)[pri:0, instance:executePageClasses.HomePageTestClass@32eff876]" name="verifyAllTilesAreDisplayedInHomePage" class="executePageClasses.HomePageTestClass"/>
        <method signature="LoginPageTestClass.verifyCorrectPageIsLoadedWhileHittingTheUrl()[pri:1, instance:executePageClasses.LoginPageTestClass@7f0eb4b4]" name="verifyCorrectPageIsLoadedWhileHittingTheUrl" class="executePageClasses.LoginPageTestClass"/>
      </group> <!-- group1 -->
    </groups>
    <test started-at="2024-01-11T15:09:19 IST" name="Test1" finished-at="2024-01-11T15:09:42 IST" duration-ms="22991">
      <class name="executePageClasses.HomePageTestClass">
        <test-method is-config="true" signature="beforeMethod(java.lang.String)[pri:0, instance:executePageClasses.HomePageTestClass@32eff876]" started-at="2024-01-11T15:09:20 IST" name="beforeMethod" finished-at="2024-01-11T15:09:28 IST" duration-ms="8108" status="PASS">
          <params>
            <param index="0">
              <value>
                <![CDATA[chrome]]>
              </value>
            </param>
          </params>
          <reporter-output>
          </reporter-output>
        </test-method> <!-- beforeMethod -->
        <test-method signature="verifyAllTilesAreDisplayedInHomePage(java.lang.String,java.lang.String)[pri:0, instance:executePageClasses.HomePageTestClass@32eff876]" started-at="2024-01-11T15:09:28 IST" name="verifyAllTilesAreDisplayedInHomePage" data-provider="successfulllogin" finished-at="2024-01-11T15:09:31 IST" duration-ms="2820" status="PASS">
          <params>
            <param index="0">
              <value>
                <![CDATA[admin]]>
              </value>
            </param>
            <param index="1">
              <value>
                <![CDATA[Admin123]]>
              </value>
            </param>
          </params>
          <reporter-output>
          </reporter-output>
        </test-method> <!-- verifyAllTilesAreDisplayedInHomePage -->
        <test-method is-config="true" signature="afterMethod(org.testng.ITestResult)[pri:0, instance:executePageClasses.HomePageTestClass@32eff876]" started-at="2024-01-11T15:09:31 IST" name="afterMethod" finished-at="2024-01-11T15:09:31 IST" duration-ms="336" status="PASS">
          <params>
            <param index="0">
              <value>
                <![CDATA[[TestResult name=verifyAllTilesAreDisplayedInHomePage status=SUCCESS method=HomePageTestClass.verifyAllTilesAreDisplayedInHomePage(java.lang.String,java.lang.String)[pri:0, instance:executePageClasses.HomePageTestClass@32eff876] output={null}]]]>
              </value>
            </param>
          </params>
          <reporter-output>
          </reporter-output>
        </test-method> <!-- afterMethod -->
        <test-method is-config="true" signature="beforeMethod(java.lang.String)[pri:0, instance:executePageClasses.HomePageTestClass@32eff876]" started-at="2024-01-11T15:09:31 IST" name="beforeMethod" finished-at="2024-01-11T15:09:38 IST" duration-ms="6410" status="PASS">
          <params>
            <param index="0">
              <value>
                <![CDATA[chrome]]>
              </value>
            </param>
          </params>
          <reporter-output>
          </reporter-output>
        </test-method> <!-- beforeMethod -->
        <test-method signature="verifyUserCanLogoutSuccessfully(java.lang.String,java.lang.String)[pri:0, instance:executePageClasses.HomePageTestClass@32eff876]" started-at="2024-01-11T15:09:38 IST" name="verifyUserCanLogoutSuccessfully" data-provider="successfulllogin" finished-at="2024-01-11T15:09:41 IST" duration-ms="3597" status="PASS">
          <params>
            <param index="0">
              <value>
                <![CDATA[admin]]>
              </value>
            </param>
            <param index="1">
              <value>
                <![CDATA[Admin123]]>
              </value>
            </param>
          </params>
          <reporter-output>
          </reporter-output>
        </test-method> <!-- verifyUserCanLogoutSuccessfully -->
        <test-method is-config="true" signature="afterMethod(org.testng.ITestResult)[pri:0, instance:executePageClasses.HomePageTestClass@32eff876]" started-at="2024-01-11T15:09:41 IST" name="afterMethod" finished-at="2024-01-11T15:09:42 IST" duration-ms="699" status="PASS">
          <params>
            <param index="0">
              <value>
                <![CDATA[[TestResult name=verifyUserCanLogoutSuccessfully status=SUCCESS method=HomePageTestClass.verifyUserCanLogoutSuccessfully(java.lang.String,java.lang.String)[pri:0, instance:executePageClasses.HomePageTestClass@32eff876] output={null}]]]>
              </value>
            </param>
          </params>
          <reporter-output>
          </reporter-output>
        </test-method> <!-- afterMethod -->
      </class> <!-- executePageClasses.HomePageTestClass -->
    </test> <!-- Test1 -->
    <test started-at="2024-01-11T15:09:19 IST" name="Test2" finished-at="2024-01-11T15:10:08 IST" duration-ms="49028">
      <class name="executePageClasses.LoginPageTestClass">
        <test-method is-config="true" signature="createReport(org.testng.ITestContext)[pri:0, instance:executePageClasses.LoginPageTestClass@7f0eb4b4]" started-at="2024-01-11T15:09:19 IST" name="createReport" finished-at="2024-01-11T15:09:19 IST" duration-ms="247" status="PASS">
          <params>
            <param index="0">
              <value>
                <![CDATA[org.testng.TestRunner@f627d13]]>
              </value>
            </param>
          </params>
          <reporter-output>
          </reporter-output>
        </test-method> <!-- createReport -->
        <test-method is-config="true" signature="beforeMethod(java.lang.String)[pri:0, instance:executePageClasses.LoginPageTestClass@7f0eb4b4]" started-at="2024-01-11T15:09:19 IST" name="beforeMethod" finished-at="2024-01-11T15:09:32 IST" duration-ms="12329" status="PASS">
          <params>
            <param index="0">
              <value>
                <![CDATA[chrome]]>
              </value>
            </param>
          </params>
          <reporter-output>
          </reporter-output>
        </test-method> <!-- beforeMethod -->
        <test-method signature="verifyCorrectPageIsLoadedWhileHittingTheUrl()[pri:1, instance:executePageClasses.LoginPageTestClass@7f0eb4b4]" started-at="2024-01-11T15:09:32 IST" name="verifyCorrectPageIsLoadedWhileHittingTheUrl" finished-at="2024-01-11T15:09:32 IST" duration-ms="22" status="PASS">
          <reporter-output>
          </reporter-output>
        </test-method> <!-- verifyCorrectPageIsLoadedWhileHittingTheUrl -->
        <test-method is-config="true" signature="afterMethod(org.testng.ITestResult)[pri:0, instance:executePageClasses.LoginPageTestClass@7f0eb4b4]" started-at="2024-01-11T15:09:32 IST" name="afterMethod" finished-at="2024-01-11T15:09:32 IST" duration-ms="683" status="PASS">
          <params>
            <param index="0">
              <value>
                <![CDATA[[TestResult name=verifyCorrectPageIsLoadedWhileHittingTheUrl status=SUCCESS method=LoginPageTestClass.verifyCorrectPageIsLoadedWhileHittingTheUrl()[pri:1, instance:executePageClasses.LoginPageTestClass@7f0eb4b4] output={null}]]]>
              </value>
            </param>
          </params>
          <reporter-output>
          </reporter-output>
        </test-method> <!-- afterMethod -->
        <test-method is-config="true" signature="beforeMethod(java.lang.String)[pri:0, instance:executePageClasses.LoginPageTestClass@7f0eb4b4]" started-at="2024-01-11T15:09:32 IST" name="beforeMethod" finished-at="2024-01-11T15:09:41 IST" duration-ms="9076" status="PASS">
          <params>
            <param index="0">
              <value>
                <![CDATA[chrome]]>
              </value>
            </param>
          </params>
          <reporter-output>
          </reporter-output>
        </test-method> <!-- beforeMethod -->
        <test-method signature="verifySuccessfullLogin(java.lang.String,java.lang.String)[pri:2, instance:executePageClasses.LoginPageTestClass@7f0eb4b4]" started-at="2024-01-11T15:09:41 IST" name="verifySuccessfullLogin" data-provider="successfulllogin" finished-at="2024-01-11T15:09:45 IST" duration-ms="3163" status="PASS">
          <params>
            <param index="0">
              <value>
                <![CDATA[admin]]>
              </value>
            </param>
            <param index="1">
              <value>
                <![CDATA[Admin123]]>
              </value>
            </param>
          </params>
          <reporter-output>
          </reporter-output>
        </test-method> <!-- verifySuccessfullLogin -->
        <test-method is-config="true" signature="afterMethod(org.testng.ITestResult)[pri:0, instance:executePageClasses.LoginPageTestClass@7f0eb4b4]" started-at="2024-01-11T15:09:45 IST" name="afterMethod" finished-at="2024-01-11T15:09:45 IST" duration-ms="251" status="PASS">
          <params>
            <param index="0">
              <value>
                <![CDATA[[TestResult name=verifySuccessfullLogin status=SUCCESS method=LoginPageTestClass.verifySuccessfullLogin(java.lang.String,java.lang.String)[pri:2, instance:executePageClasses.LoginPageTestClass@7f0eb4b4] output={null}]]]>
              </value>
            </param>
          </params>
          <reporter-output>
          </reporter-output>
        </test-method> <!-- afterMethod -->
        <test-method is-config="true" signature="beforeMethod(java.lang.String)[pri:0, instance:executePageClasses.LoginPageTestClass@7f0eb4b4]" started-at="2024-01-11T15:09:45 IST" name="beforeMethod" finished-at="2024-01-11T15:09:51 IST" duration-ms="5786" status="PASS">
          <params>
            <param index="0">
              <value>
                <![CDATA[chrome]]>
              </value>
            </param>
          </params>
          <reporter-output>
          </reporter-output>
        </test-method> <!-- beforeMethod -->
        <test-method signature="verifyUnsuccessfullLogin(java.lang.String,java.lang.String)[pri:3, instance:executePageClasses.LoginPageTestClass@7f0eb4b4]" started-at="2024-01-11T15:09:51 IST" name="verifyUnsuccessfullLogin" data-provider="unsuccessfulllogin" finished-at="2024-01-11T15:09:52 IST" duration-ms="1573" status="PASS">
          <params>
            <param index="0">
              <value>
                <![CDATA[admin234]]>
              </value>
            </param>
            <param index="1">
              <value>
                <![CDATA[admmm]]>
              </value>
            </param>
          </params>
          <reporter-output>
          </reporter-output>
        </test-method> <!-- verifyUnsuccessfullLogin -->
        <test-method is-config="true" signature="afterMethod(org.testng.ITestResult)[pri:0, instance:executePageClasses.LoginPageTestClass@7f0eb4b4]" started-at="2024-01-11T15:09:52 IST" name="afterMethod" finished-at="2024-01-11T15:09:53 IST" duration-ms="303" status="PASS">
          <params>
            <param index="0">
              <value>
                <![CDATA[[TestResult name=verifyUnsuccessfullLogin status=SUCCESS method=LoginPageTestClass.verifyUnsuccessfullLogin(java.lang.String,java.lang.String)[pri:3, instance:executePageClasses.LoginPageTestClass@7f0eb4b4] output={null}]]]>
              </value>
            </param>
          </params>
          <reporter-output>
          </reporter-output>
        </test-method> <!-- afterMethod -->
        <test-method is-config="true" signature="beforeMethod(java.lang.String)[pri:0, instance:executePageClasses.LoginPageTestClass@7f0eb4b4]" started-at="2024-01-11T15:09:53 IST" name="beforeMethod" finished-at="2024-01-11T15:09:58 IST" duration-ms="5570" status="PASS">
          <params>
            <param index="0">
              <value>
                <![CDATA[chrome]]>
              </value>
            </param>
          </params>
          <reporter-output>
          </reporter-output>
        </test-method> <!-- beforeMethod -->
        <test-method signature="verifyUnsuccessfullLogin(java.lang.String,java.lang.String)[pri:3, instance:executePageClasses.LoginPageTestClass@7f0eb4b4]" started-at="2024-01-11T15:09:58 IST" name="verifyUnsuccessfullLogin" data-provider="unsuccessfulllogin" finished-at="2024-01-11T15:10:00 IST" duration-ms="1628" status="PASS">
          <params>
            <param index="0">
              <value>
                <![CDATA[admin234]]>
              </value>
            </param>
            <param index="1">
              <value>
                <![CDATA[Admin123]]>
              </value>
            </param>
          </params>
          <reporter-output>
          </reporter-output>
        </test-method> <!-- verifyUnsuccessfullLogin -->
        <test-method is-config="true" signature="afterMethod(org.testng.ITestResult)[pri:0, instance:executePageClasses.LoginPageTestClass@7f0eb4b4]" started-at="2024-01-11T15:10:00 IST" name="afterMethod" finished-at="2024-01-11T15:10:00 IST" duration-ms="282" status="PASS">
          <params>
            <param index="0">
              <value>
                <![CDATA[[TestResult name=verifyUnsuccessfullLogin status=SUCCESS method=LoginPageTestClass.verifyUnsuccessfullLogin(java.lang.String,java.lang.String)[pri:3, instance:executePageClasses.LoginPageTestClass@7f0eb4b4] output={null}]]]>
              </value>
            </param>
          </params>
          <reporter-output>
          </reporter-output>
        </test-method> <!-- afterMethod -->
        <test-method is-config="true" signature="beforeMethod(java.lang.String)[pri:0, instance:executePageClasses.LoginPageTestClass@7f0eb4b4]" started-at="2024-01-11T15:10:00 IST" name="beforeMethod" finished-at="2024-01-11T15:10:06 IST" duration-ms="6237" status="PASS">
          <params>
            <param index="0">
              <value>
                <![CDATA[chrome]]>
              </value>
            </param>
          </params>
          <reporter-output>
          </reporter-output>
        </test-method> <!-- beforeMethod -->
        <test-method signature="verifyUnsuccessfullLogin(java.lang.String,java.lang.String)[pri:3, instance:executePageClasses.LoginPageTestClass@7f0eb4b4]" started-at="2024-01-11T15:10:06 IST" name="verifyUnsuccessfullLogin" data-provider="unsuccessfulllogin" finished-at="2024-01-11T15:10:08 IST" duration-ms="1476" status="PASS">
          <params>
            <param index="0">
              <value>
                <![CDATA[ADMIN234]]>
              </value>
            </param>
            <param index="1">
              <value>
                <![CDATA[ADmin89]]>
              </value>
            </param>
          </params>
          <reporter-output>
          </reporter-output>
        </test-method> <!-- verifyUnsuccessfullLogin -->
        <test-method is-config="true" signature="afterMethod(org.testng.ITestResult)[pri:0, instance:executePageClasses.LoginPageTestClass@7f0eb4b4]" started-at="2024-01-11T15:10:08 IST" name="afterMethod" finished-at="2024-01-11T15:10:08 IST" duration-ms="307" status="PASS">
          <params>
            <param index="0">
              <value>
                <![CDATA[[TestResult name=verifyUnsuccessfullLogin status=SUCCESS method=LoginPageTestClass.verifyUnsuccessfullLogin(java.lang.String,java.lang.String)[pri:3, instance:executePageClasses.LoginPageTestClass@7f0eb4b4] output={null}]]]>
              </value>
            </param>
          </params>
          <reporter-output>
          </reporter-output>
        </test-method> <!-- afterMethod -->
      </class> <!-- executePageClasses.LoginPageTestClass -->
    </test> <!-- Test2 -->
  </suite> <!-- Suite -->
</testng-results>
