<?xml version="1.0" encoding="UTF-8"?>
<!-- Generated by org.testng.reporters.JUnitXMLReporter -->
<testsuite ignored="0" hostname="LAPTOP-4TVV0GHV" failures="0" tests="2" name="Test1" time="21.057" errors="0" timestamp="2024-01-10T14:23:46 IST">
  <testcase classname="executePageClasses.HomePageTestClass" name="verifyAllTilesAreDisplayedInHomePage" time="2.852"/>
  <testcase classname="executePageClasses.HomePageTestClass" name="verifyUserCanLogoutSuccessfully" time="4.196"/>
</testsuite> <!-- Test1 -->
