<?xml version="1.0" encoding="UTF-8"?>
<!-- Generated by org.testng.reporters.JUnitXMLReporter -->
<testsuite ignored="0" hostname="LAPTOP-4TVV0GHV" failures="0" tests="5" name="Test2" time="46.999" errors="0" timestamp="2024-01-10T14:24:12 IST">
  <testcase classname="executePageClasses.LoginPageTestClass" name="verifyCorrectPageIsLoadedWhileHittingTheUrl" time="0.024"/>
  <testcase classname="executePageClasses.LoginPageTestClass" name="verifySuccessfullLogin" time="2.576"/>
  <testcase classname="executePageClasses.LoginPageTestClass" name="verifyUnsuccessfullLogin" time="1.857"/>
  <testcase classname="executePageClasses.LoginPageTestClass" name="verifyUnsuccessfullLogin" time="1.905"/>
  <testcase classname="executePageClasses.LoginPageTestClass" name="verifyUnsuccessfullLogin" time="3.262"/>
</testsuite> <!-- Test2 -->
